<?xml version="1.0" encoding="UTF-8"?>
<!-- Generated by org.testng.reporters.JUnitReportReporter -->
<testsuite name="google.automationTest.ChromeDemo" tests="1" time="5.492" ignored="0" failures="0" timestamp="15 Sep 2017 19:21:52 GMT" skipped="0" hostname="DESKTOP-1RJN9BM" errors="0">
  <testcase name="test" time="5.492" classname="google.automationTest.ChromeDemo"/>
</testsuite> <!-- google.automationTest.ChromeDemo -->
