<?xml version="1.0" encoding="UTF-8"?>
<!-- Generated by org.testng.reporters.JUnitReportReporter -->
<testsuite name="google.automationTest.MyTestOne" tests="1" time="8.410" ignored="0" failures="0" timestamp="08 Oct 2017 19:06:56 GMT" skipped="0" hostname="DESKTOP-1RJN9BM" errors="0">
  <testcase name="openBroswer" time="8.410" classname="google.automationTest.MyTestOne"/>
</testsuite> <!-- google.automationTest.MyTestOne -->
