<?xml version="1.0" encoding="UTF-8"?>
<!-- Generated by org.testng.reporters.JUnitReportReporter -->
<testsuite name="google.automationTest.GeckoDriverDemo" tests="1" time="11.008" ignored="0" failures="0" timestamp="25 Sep 2017 19:31:07 GMT" skipped="0" hostname="DESKTOP-1RJN9BM" errors="0">
  <testcase name="testFirefox" time="11.008" classname="google.automationTest.GeckoDriverDemo"/>
</testsuite> <!-- google.automationTest.GeckoDriverDemo -->
