<?xml version="1.0" encoding="UTF-8"?>
<!-- Generated by org.testng.reporters.JUnitReportReporter -->
<testsuite name="google.automationTest.Annotation_Order" tests="2" time="0.008" ignored="0" failures="0" timestamp="14 Dec 2017 02:40:25 GMT" skipped="0" hostname="DESKTOP-1RJN9BM" errors="0">
  <testcase name="testngMeth2" time="0.003" classname="google.automationTest.Annotation_Order"/>
  <testcase name="testngMeth1" time="0.005" classname="google.automationTest.Annotation_Order"/>
</testsuite> <!-- google.automationTest.Annotation_Order -->
